# Logfile created on 2025-01-19 12:20:57 +0100 by logger.rb/v1.5.3
I, [2025-01-19T12:20:57.796085 #72407]  INFO -- : Running example 'Verifying a pact between PythonConsumer and PythonProvider Given Provider has a greeting 2 a request for /hello with GET /hello returns a response which has status code 200'
I, [2025-01-19T12:20:57.796163 #72407]  INFO -- : Sending GET request to path: "/hello" with headers: {"X_PACT_PROVIDER_STATES"=>[{"name"=>"Provider has a greeting 2"}]}, see debug logs for body
I, [2025-01-19T12:20:57.812074 #72407]  INFO -- : Received response with status: 200, headers: {"Date"=>"Sun, 19 Jan 2025 11:20:56 GMT", "Server"=>"uvicorn", "Content-Length"=>"34", "Content-Type"=>"application/json"}, see debug logs for body
I, [2025-01-19T12:22:56.416951 #72475]  INFO -- : Running example 'Verifying a pact between PythonConsumer and PythonProvider Given Provider has a greeting 2 a request for /hello with GET /hello returns a response which has status code 200'
I, [2025-01-19T12:22:56.417008 #72475]  INFO -- : Sending GET request to path: "/hello" with headers: {"X_PACT_PROVIDER_STATES"=>[{"name"=>"Provider has a greeting 2"}]}, see debug logs for body
I, [2025-01-19T12:22:56.422051 #72475]  INFO -- : Received response with status: 200, headers: {"Date"=>"Sun, 19 Jan 2025 11:22:56 GMT", "Server"=>"uvicorn", "Content-Length"=>"34", "Content-Type"=>"application/json"}, see debug logs for body
I, [2025-01-19T12:23:24.719515 #72537]  INFO -- : Running example 'Verifying a pact between PythonConsumer and PythonProvider Given Provider has a greeting 2 a request for /hello with GET /hello returns a response which has status code 200'
I, [2025-01-19T12:23:24.719578 #72537]  INFO -- : Sending GET request to path: "/hello" with headers: {"X_PACT_PROVIDER_STATES"=>[{"name"=>"Provider has a greeting 2"}]}, see debug logs for body
I, [2025-01-19T12:23:24.724566 #72537]  INFO -- : Received response with status: 200, headers: {"Date"=>"Sun, 19 Jan 2025 11:23:24 GMT", "Server"=>"uvicorn", "Content-Length"=>"34", "Content-Type"=>"application/json"}, see debug logs for body
I, [2025-01-19T12:24:01.973506 #72599]  INFO -- : Running example 'Verifying a pact between PythonConsumer and PythonProvider Given Provider has a greeting 2 a request for /hello with GET /hello returns a response which has status code 200'
I, [2025-01-19T12:24:01.973589 #72599]  INFO -- : Sending GET request to path: "/hello" with headers: {"X_PACT_PROVIDER_STATES"=>[{"name"=>"Provider has a greeting 2"}]}, see debug logs for body
I, [2025-01-19T12:24:01.978791 #72599]  INFO -- : Received response with status: 200, headers: {"Date"=>"Sun, 19 Jan 2025 11:24:01 GMT", "Server"=>"uvicorn", "Content-Length"=>"34", "Content-Type"=>"application/json"}, see debug logs for body
I, [2025-01-19T12:24:53.331866 #72682]  INFO -- : Running example 'Verifying a pact between PythonConsumer and PythonProvider Given Provider has a greeting 2 a request for /hello with GET /hello returns a response which has status code 200'
I, [2025-01-19T12:24:53.332061 #72682]  INFO -- : Sending GET request to path: "/hello" with headers: {"X_PACT_PROVIDER_STATES"=>[{"name"=>"Provider has a greeting 2"}]}, see debug logs for body
I, [2025-01-19T12:24:53.338296 #72682]  INFO -- : Received response with status: 200, headers: {"Date"=>"Sun, 19 Jan 2025 11:24:53 GMT", "Server"=>"uvicorn", "Content-Length"=>"34", "Content-Type"=>"application/json"}, see debug logs for body
I, [2025-01-19T12:25:29.915072 #72772]  INFO -- : Running example 'Verifying a pact between PythonConsumer and PythonProvider Given Provider has a greeting 2 a request for /hello with GET /hello returns a response which has status code 200'
I, [2025-01-19T12:25:29.915256 #72772]  INFO -- : Sending GET request to path: "/hello" with headers: {"X_PACT_PROVIDER_STATES"=>[{"name"=>"Provider has a greeting 2"}]}, see debug logs for body
I, [2025-01-19T12:25:29.920637 #72772]  INFO -- : Received response with status: 200, headers: {"Date"=>"Sun, 19 Jan 2025 11:25:29 GMT", "Server"=>"uvicorn", "Content-Length"=>"40", "Content-Type"=>"application/json"}, see debug logs for body
I, [2025-01-19T12:26:39.612368 #72882]  INFO -- : Running example 'Verifying a pact between PythonConsumer and PythonProvider Given Provider has a greeting 2 a request for /hello with GET /hello returns a response which has status code 200'
I, [2025-01-19T12:26:39.612444 #72882]  INFO -- : Sending GET request to path: "/hello" with headers: {"X_PACT_PROVIDER_STATES"=>[{"name"=>"Provider has a greeting 2"}]}, see debug logs for body
I, [2025-01-19T12:26:39.618389 #72882]  INFO -- : Received response with status: 200, headers: {"Date"=>"Sun, 19 Jan 2025 11:26:39 GMT", "Server"=>"uvicorn", "Content-Length"=>"34", "Content-Type"=>"application/json"}, see debug logs for body
I, [2025-01-19T13:15:58.101587 #73309]  INFO -- : Running example 'Verifying a pact between PythonConsumer and PythonProvider Given Provider has a greeting 2 a request for /hello with GET /hello returns a response which has status code 200'
I, [2025-01-19T13:15:58.101803 #73309]  INFO -- : Sending GET request to path: "/hello" with headers: {"X_PACT_PROVIDER_STATES"=>[{"name"=>"Provider has a greeting 2"}]}, see debug logs for body
I, [2025-01-19T13:15:58.108108 #73309]  INFO -- : Received response with status: 200, headers: {"Date"=>"Sun, 19 Jan 2025 12:15:57 GMT", "Server"=>"uvicorn", "Content-Length"=>"34", "Content-Type"=>"application/json"}, see debug logs for body
W, [2025-01-19T13:22:25.531642 #73477]  WARN -- : No content type found, performing text diff on body
I, [2025-01-19T13:26:12.892440 #73582]  INFO -- : Running example 'Verifying a pact between PythonConsumer and PythonProvider Given Provider has a greeting 2 a request for /hello with GET /hello returns a response which has status code 200'
I, [2025-01-19T13:26:12.892633 #73582]  INFO -- : Sending GET request to path: "/hello" with headers: {"X_PACT_PROVIDER_STATES"=>[{"name"=>"Provider has a greeting 2"}]}, see debug logs for body
I, [2025-01-19T13:26:12.896659 #73582]  INFO -- : Received response with status: 404, headers: {"Date"=>"Sun, 19 Jan 2025 12:26:12 GMT", "Server"=>"uvicorn", "Content-Length"=>"22", "Content-Type"=>"application/json"}, see debug logs for body
I, [2025-01-19T13:27:37.884995 #73768]  INFO -- : Running example 'Verifying a pact between PythonComplexConsumer and PythonComplexProvider Given There are some items in the provider a request to list items with GET /items returns a response which has status code 200'
I, [2025-01-19T13:27:37.885204 #73768]  INFO -- : Sending GET request to path: "/items" with headers: {"X_PACT_PROVIDER_STATES"=>[{"name"=>"There are some items in the provider"}]}, see debug logs for body
I, [2025-01-19T13:27:37.891476 #73768]  INFO -- : Received response with status: 200, headers: {"Date"=>"Sun, 19 Jan 2025 12:27:37 GMT", "Server"=>"uvicorn", "Content-Length"=>"115", "Content-Type"=>"application/json"}, see debug logs for body
I, [2025-01-19T13:27:37.893321 #73768]  INFO -- : Running example 'Verifying a pact between PythonComplexConsumer and PythonComplexProvider Given Item item-1234 is available to checkout a request to checkout item item-1234 with POST /items/item-1234/checkout returns a response which has status code 200'
I, [2025-01-19T13:27:37.893367 #73768]  INFO -- : Sending POST request to path: "/items/item-1234/checkout" with headers: {"X_PACT_PROVIDER_STATES"=>[{"name"=>"Item item-1234 is available to checkout"}]}, see debug logs for body
I, [2025-01-19T13:27:37.895941 #73768]  INFO -- : Received response with status: 422, headers: {"Date"=>"Sun, 19 Jan 2025 12:27:37 GMT", "Server"=>"uvicorn", "Content-Length"=>"133", "Content-Type"=>"application/json"}, see debug logs for body
I, [2025-01-19T13:27:37.896382 #73768]  INFO -- : Running example 'Verifying a pact between PythonComplexConsumer and PythonComplexProvider Given Item item-1234 is currently checked out with id checkout-5678 a request to release an item with a given checkout ID with POST /items/item-1234/release/checkout-5678 returns a response which has status code 200'
I, [2025-01-19T13:27:37.896408 #73768]  INFO -- : Sending POST request to path: "/items/item-1234/release/checkout-5678" with headers: {"X_PACT_PROVIDER_STATES"=>[{"name"=>"Item item-1234 is currently checked out with id checkout-5678"}]}, see debug logs for body
I, [2025-01-19T13:27:37.897261 #73768]  INFO -- : Received response with status: 200, headers: {"Date"=>"Sun, 19 Jan 2025 12:27:37 GMT", "Server"=>"uvicorn", "Content-Length"=>"71", "Content-Type"=>"application/json"}, see debug logs for body
I, [2025-01-19T13:30:57.075093 #73905]  INFO -- : Running example 'Verifying a pact between PythonComplexConsumer and PythonComplexProvider Given There are some items in the provider a request to list items with GET /items returns a response which has status code 200'
I, [2025-01-19T13:30:57.075326 #73905]  INFO -- : Sending GET request to path: "/items" with headers: {"X_PACT_PROVIDER_STATES"=>[{"name"=>"There are some items in the provider"}]}, see debug logs for body
I, [2025-01-19T13:30:57.081796 #73905]  INFO -- : Received response with status: 200, headers: {"Date"=>"Sun, 19 Jan 2025 12:30:56 GMT", "Server"=>"uvicorn", "Content-Length"=>"75", "Content-Type"=>"application/json"}, see debug logs for body
I, [2025-01-19T13:30:57.083899 #73905]  INFO -- : Running example 'Verifying a pact between PythonComplexConsumer and PythonComplexProvider Given Item item-1234 is available to checkout a request to checkout item item-1234 with POST /items/item-1234/checkout returns a response which has status code 200'
I, [2025-01-19T13:30:57.083957 #73905]  INFO -- : Sending POST request to path: "/items/item-1234/checkout" with headers: {"X_PACT_PROVIDER_STATES"=>[{"name"=>"Item item-1234 is available to checkout"}]}, see debug logs for body
I, [2025-01-19T13:30:57.086342 #73905]  INFO -- : Received response with status: 422, headers: {"Date"=>"Sun, 19 Jan 2025 12:30:56 GMT", "Server"=>"uvicorn", "Content-Length"=>"133", "Content-Type"=>"application/json"}, see debug logs for body
I, [2025-01-19T13:30:57.086801 #73905]  INFO -- : Running example 'Verifying a pact between PythonComplexConsumer and PythonComplexProvider Given Item item-1234 is currently checked out with id checkout-5678 a request to release an item with a given checkout ID with POST /items/item-1234/release/checkout-5678 returns a response which has status code 200'
I, [2025-01-19T13:30:57.086835 #73905]  INFO -- : Sending POST request to path: "/items/item-1234/release/checkout-5678" with headers: {"X_PACT_PROVIDER_STATES"=>[{"name"=>"Item item-1234 is currently checked out with id checkout-5678"}]}, see debug logs for body
I, [2025-01-19T13:30:57.087751 #73905]  INFO -- : Received response with status: 200, headers: {"Date"=>"Sun, 19 Jan 2025 12:30:56 GMT", "Server"=>"uvicorn", "Content-Length"=>"71", "Content-Type"=>"application/json"}, see debug logs for body
I, [2025-01-19T13:31:53.088027 #73996]  INFO -- : Running example 'Verifying a pact between PythonComplexConsumer and PythonComplexProvider Given There are some items in the provider a request to list items with GET /items returns a response which has status code 200'
I, [2025-01-19T13:31:53.088270 #73996]  INFO -- : Sending GET request to path: "/items" with headers: {"X_PACT_PROVIDER_STATES"=>[{"name"=>"There are some items in the provider"}]}, see debug logs for body
I, [2025-01-19T13:31:53.094254 #73996]  INFO -- : Received response with status: 200, headers: {"Date"=>"Sun, 19 Jan 2025 12:31:52 GMT", "Server"=>"uvicorn", "Content-Length"=>"75", "Content-Type"=>"application/json"}, see debug logs for body
I, [2025-01-19T13:31:53.096254 #73996]  INFO -- : Running example 'Verifying a pact between PythonComplexConsumer and PythonComplexProvider Given Item item-1234 is available to checkout a request to checkout item item-1234 with POST /items/item-1234/checkout returns a response which has status code 200'
I, [2025-01-19T13:31:53.097604 #73996]  INFO -- : Sending POST request to path: "/items/item-1234/checkout" with headers: {"X_PACT_PROVIDER_STATES"=>[{"name"=>"Item item-1234 is available to checkout"}]}, see debug logs for body
I, [2025-01-19T13:31:53.098514 #73996]  INFO -- : Received response with status: 422, headers: {"Date"=>"Sun, 19 Jan 2025 12:31:52 GMT", "Server"=>"uvicorn", "Content-Length"=>"133", "Content-Type"=>"application/json"}, see debug logs for body
I, [2025-01-19T13:31:53.098905 #73996]  INFO -- : Running example 'Verifying a pact between PythonComplexConsumer and PythonComplexProvider Given Item item-1234 is currently checked out with id checkout-5678 a request to release an item with a given checkout ID with POST /items/item-1234/release/checkout-5678 returns a response which has status code 200'
I, [2025-01-19T13:31:53.098938 #73996]  INFO -- : Sending POST request to path: "/items/item-1234/release/checkout-5678" with headers: {"X_PACT_PROVIDER_STATES"=>[{"name"=>"Item item-1234 is currently checked out with id checkout-5678"}]}, see debug logs for body
I, [2025-01-19T13:31:53.099842 #73996]  INFO -- : Received response with status: 200, headers: {"Date"=>"Sun, 19 Jan 2025 12:31:52 GMT", "Server"=>"uvicorn", "Content-Length"=>"71", "Content-Type"=>"application/json"}, see debug logs for body
I, [2025-01-19T13:33:05.091814 #74080]  INFO -- : Running example 'Verifying a pact between PythonComplexConsumer and PythonComplexProvider Given There are some items in the provider a request to list items with GET /items returns a response which has status code 200'
I, [2025-01-19T13:33:05.092378 #74080]  INFO -- : Sending GET request to path: "/items" with headers: {"X_PACT_PROVIDER_STATES"=>[{"name"=>"There are some items in the provider"}]}, see debug logs for body
I, [2025-01-19T13:33:05.098350 #74080]  INFO -- : Received response with status: 200, headers: {"Date"=>"Sun, 19 Jan 2025 12:33:04 GMT", "Server"=>"uvicorn", "Content-Length"=>"38", "Content-Type"=>"application/json"}, see debug logs for body
I, [2025-01-19T13:33:05.099383 #74080]  INFO -- : Running example 'Verifying a pact between PythonComplexConsumer and PythonComplexProvider Given Item item-1234 is available to checkout a request to checkout item item-1234 with POST /items/item-1234/checkout returns a response which has status code 200'
I, [2025-01-19T13:33:05.099440 #74080]  INFO -- : Sending POST request to path: "/items/item-1234/checkout" with headers: {"X_PACT_PROVIDER_STATES"=>[{"name"=>"Item item-1234 is available to checkout"}]}, see debug logs for body
I, [2025-01-19T13:33:05.100427 #74080]  INFO -- : Received response with status: 422, headers: {"Date"=>"Sun, 19 Jan 2025 12:33:04 GMT", "Server"=>"uvicorn", "Content-Length"=>"133", "Content-Type"=>"application/json"}, see debug logs for body
I, [2025-01-19T13:33:05.103476 #74080]  INFO -- : Running example 'Verifying a pact between PythonComplexConsumer and PythonComplexProvider Given Item item-1234 is currently checked out with id checkout-5678 a request to release an item with a given checkout ID with POST /items/item-1234/release/checkout-5678 returns a response which has status code 200'
I, [2025-01-19T13:33:05.103515 #74080]  INFO -- : Sending POST request to path: "/items/item-1234/release/checkout-5678" with headers: {"X_PACT_PROVIDER_STATES"=>[{"name"=>"Item item-1234 is currently checked out with id checkout-5678"}]}, see debug logs for body
I, [2025-01-19T13:33:05.104549 #74080]  INFO -- : Received response with status: 200, headers: {"Date"=>"Sun, 19 Jan 2025 12:33:04 GMT", "Server"=>"uvicorn", "Content-Length"=>"71", "Content-Type"=>"application/json"}, see debug logs for body
I, [2025-01-19T13:34:20.092680 #74140]  INFO -- : Running example 'Verifying a pact between PythonComplexConsumer and PythonComplexProvider Given There are some items in the provider a request to list items with GET /items returns a response which has status code 200'
I, [2025-01-19T13:34:20.092764 #74140]  INFO -- : Sending GET request to path: "/items" with headers: {"X_PACT_PROVIDER_STATES"=>[{"name"=>"There are some items in the provider"}]}, see debug logs for body
I, [2025-01-19T13:34:20.097921 #74140]  INFO -- : Received response with status: 200, headers: {"Date"=>"Sun, 19 Jan 2025 12:34:19 GMT", "Server"=>"uvicorn", "Content-Length"=>"38", "Content-Type"=>"application/json"}, see debug logs for body
I, [2025-01-19T13:34:20.098688 #74140]  INFO -- : Running example 'Verifying a pact between PythonComplexConsumer and PythonComplexProvider Given Item item-1234 is available to checkout a request to checkout item item-1234 with POST /items/item-1234/checkout returns a response which has status code 200'
I, [2025-01-19T13:34:20.098730 #74140]  INFO -- : Sending POST request to path: "/items/item-1234/checkout" with headers: {"X_PACT_PROVIDER_STATES"=>[{"name"=>"Item item-1234 is available to checkout"}]}, see debug logs for body
I, [2025-01-19T13:34:20.099505 #74140]  INFO -- : Received response with status: 422, headers: {"Date"=>"Sun, 19 Jan 2025 12:34:19 GMT", "Server"=>"uvicorn", "Content-Length"=>"133", "Content-Type"=>"application/json"}, see debug logs for body
I, [2025-01-19T13:34:20.101765 #74140]  INFO -- : Running example 'Verifying a pact between PythonComplexConsumer and PythonComplexProvider Given Item item-1234 is currently checked out with id checkout-5678 a request to release an item with a given checkout ID with POST /items/item-1234/release/checkout-5678 returns a response which has status code 200'
I, [2025-01-19T13:34:20.101791 #74140]  INFO -- : Sending POST request to path: "/items/item-1234/release/checkout-5678" with headers: {"X_PACT_PROVIDER_STATES"=>[{"name"=>"Item item-1234 is currently checked out with id checkout-5678"}]}, see debug logs for body
I, [2025-01-19T13:34:20.102873 #74140]  INFO -- : Received response with status: 200, headers: {"Date"=>"Sun, 19 Jan 2025 12:34:19 GMT", "Server"=>"uvicorn", "Content-Length"=>"71", "Content-Type"=>"application/json"}, see debug logs for body
W, [2025-01-19T13:36:51.862570 #74254]  WARN -- : No content type found, performing text diff on body
W, [2025-01-19T13:37:08.442640 #74308]  WARN -- : No content type found, performing text diff on body
W, [2025-01-19T13:37:29.541911 #74365]  WARN -- : No content type found, performing text diff on body
W, [2025-01-19T13:44:24.922550 #74671]  WARN -- : No content type found, performing text diff on body
W, [2025-01-19T13:44:40.488283 #74723]  WARN -- : No content type found, performing text diff on body
I, [2025-01-19T13:44:47.368868 #74774]  INFO -- : Running example 'Verifying a pact between PythonComplexConsumer and PythonComplexProvider Given There are some items in the provider a request to list items with GET /items returns a response which has status code 200'
I, [2025-01-19T13:44:47.368943 #74774]  INFO -- : Sending GET request to path: "/items" with headers: {"X_PACT_PROVIDER_STATES"=>[{"name"=>"There are some items in the provider"}]}, see debug logs for body
I, [2025-01-19T13:44:47.375263 #74774]  INFO -- : Received response with status: 200, headers: {"Date"=>"Sun, 19 Jan 2025 12:44:47 GMT", "Server"=>"uvicorn", "Content-Length"=>"38", "Content-Type"=>"application/json"}, see debug logs for body
I, [2025-01-19T13:44:47.376032 #74774]  INFO -- : Running example 'Verifying a pact between PythonComplexConsumer and PythonComplexProvider Given Item item-1234 is available to checkout a request to checkout item item-1234 with POST /items/item-1234/checkout returns a response which has status code 200'
I, [2025-01-19T13:44:47.376094 #74774]  INFO -- : Sending POST request to path: "/items/item-1234/checkout" with headers: {"X_PACT_PROVIDER_STATES"=>[{"name"=>"Item item-1234 is available to checkout"}]}, see debug logs for body
I, [2025-01-19T13:44:47.377284 #74774]  INFO -- : Received response with status: 422, headers: {"Date"=>"Sun, 19 Jan 2025 12:44:47 GMT", "Server"=>"uvicorn", "Content-Length"=>"133", "Content-Type"=>"application/json"}, see debug logs for body
I, [2025-01-19T13:44:47.380599 #74774]  INFO -- : Running example 'Verifying a pact between PythonComplexConsumer and PythonComplexProvider Given Item item-1234 is currently checked out with id checkout-5678 a request to release an item with a given checkout ID with POST /items/item-1234/release/checkout-5678 returns a response which has status code 200'
I, [2025-01-19T13:44:47.380641 #74774]  INFO -- : Sending POST request to path: "/items/item-1234/release/checkout-5678" with headers: {"X_PACT_PROVIDER_STATES"=>[{"name"=>"Item item-1234 is currently checked out with id checkout-5678"}]}, see debug logs for body
I, [2025-01-19T13:44:47.381746 #74774]  INFO -- : Received response with status: 200, headers: {"Date"=>"Sun, 19 Jan 2025 12:44:47 GMT", "Server"=>"uvicorn", "Content-Length"=>"21", "Content-Type"=>"application/json"}, see debug logs for body
W, [2025-01-19T13:48:03.796165 #74961]  WARN -- : No content type found, performing text diff on body
W, [2025-01-19T13:48:03.796443 #74961]  WARN -- : No content type found, performing text diff on body
W, [2025-01-19T13:48:28.026370 #75065]  WARN -- : No content type found, performing text diff on body
W, [2025-01-19T13:48:28.026484 #75065]  WARN -- : No content type found, performing text diff on body
W, [2025-01-19T13:49:45.885758 #75192]  WARN -- : No content type found, performing text diff on body
W, [2025-01-19T13:49:45.885867 #75192]  WARN -- : No content type found, performing text diff on body
W, [2025-01-19T13:51:08.377840 #75286]  WARN -- : No content type found, performing text diff on body
W, [2025-01-19T13:52:10.823675 #75403]  WARN -- : No content type found, performing text diff on body
W, [2025-01-19T13:52:10.823960 #75403]  WARN -- : No content type found, performing text diff on body
W, [2025-01-19T13:52:59.500636 #75467]  WARN -- : No content type found, performing text diff on body
W, [2025-01-19T13:52:59.500929 #75467]  WARN -- : No content type found, performing text diff on body
W, [2025-01-19T13:53:04.490936 #75511]  WARN -- : No content type found, performing text diff on body
I, [2025-01-19T13:53:12.713076 #75564]  INFO -- : Running example 'Verifying a pact between PythonComplexConsumer and PythonComplexProvider Given There are some items in the provider a request to list items with GET /items returns a response which has status code 200'
I, [2025-01-19T13:53:12.713149 #75564]  INFO -- : Sending GET request to path: "/items" with headers: {"X_PACT_PROVIDER_STATES"=>[{"name"=>"There are some items in the provider"}]}, see debug logs for body
I, [2025-01-19T13:53:12.719498 #75564]  INFO -- : Received response with status: 200, headers: {"Date"=>"Sun, 19 Jan 2025 12:53:12 GMT", "Server"=>"uvicorn", "Content-Length"=>"38", "Content-Type"=>"application/json"}, see debug logs for body
I, [2025-01-19T13:53:12.720146 #75564]  INFO -- : Running example 'Verifying a pact between PythonComplexConsumer and PythonComplexProvider Given Item item-1234 is available to checkout a request to checkout item item-1234 with POST /items/item-1234/checkout returns a response which has status code 200'
I, [2025-01-19T13:53:12.720190 #75564]  INFO -- : Sending POST request to path: "/items/item-1234/checkout" with headers: {"X_PACT_PROVIDER_STATES"=>[{"name"=>"Item item-1234 is available to checkout"}]}, see debug logs for body
I, [2025-01-19T13:53:12.721152 #75564]  INFO -- : Received response with status: 422, headers: {"Date"=>"Sun, 19 Jan 2025 12:53:12 GMT", "Server"=>"uvicorn", "Content-Length"=>"133", "Content-Type"=>"application/json"}, see debug logs for body
I, [2025-01-19T13:53:12.724725 #75564]  INFO -- : Running example 'Verifying a pact between PythonComplexConsumer and PythonComplexProvider Given Item item-1234 is currently checked out with id checkout-5678 a request to release an item with a given checkout ID with POST /items/item-1234/release/checkout-5678 returns a response which has status code 200'
I, [2025-01-19T13:53:12.724777 #75564]  INFO -- : Sending POST request to path: "/items/item-1234/release/checkout-5678" with headers: {"X_PACT_PROVIDER_STATES"=>[{"name"=>"Item item-1234 is currently checked out with id checkout-5678"}]}, see debug logs for body
I, [2025-01-19T13:53:12.725922 #75564]  INFO -- : Received response with status: 200, headers: {"Date"=>"Sun, 19 Jan 2025 12:53:12 GMT", "Server"=>"uvicorn", "Content-Length"=>"21", "Content-Type"=>"application/json"}, see debug logs for body
I, [2025-01-19T13:54:23.425781 #75632]  INFO -- : Running example 'Verifying a pact between PythonComplexConsumer and PythonComplexProvider Given There are some items in the provider a request to list items with GET /items returns a response which has status code 200'
I, [2025-01-19T13:54:23.425869 #75632]  INFO -- : Sending GET request to path: "/items" with headers: {"X_PACT_PROVIDER_STATES"=>[{"name"=>"There are some items in the provider"}]}, see debug logs for body
I, [2025-01-19T13:54:23.431507 #75632]  INFO -- : Received response with status: 200, headers: {"Date"=>"Sun, 19 Jan 2025 12:54:23 GMT", "Server"=>"uvicorn", "Content-Length"=>"38", "Content-Type"=>"application/json"}, see debug logs for body
I, [2025-01-19T13:54:23.432206 #75632]  INFO -- : Running example 'Verifying a pact between PythonComplexConsumer and PythonComplexProvider Given Item item-1234 is available to checkout a request to checkout item item-1234 with POST /items/item-1234/checkout returns a response which has status code 200'
I, [2025-01-19T13:54:23.432257 #75632]  INFO -- : Sending POST request to path: "/items/item-1234/checkout" with headers: {"X_PACT_PROVIDER_STATES"=>[{"name"=>"Item item-1234 is available to checkout"}]}, see debug logs for body
I, [2025-01-19T13:54:23.433150 #75632]  INFO -- : Received response with status: 422, headers: {"Date"=>"Sun, 19 Jan 2025 12:54:23 GMT", "Server"=>"uvicorn", "Content-Length"=>"133", "Content-Type"=>"application/json"}, see debug logs for body
I, [2025-01-19T13:54:23.436476 #75632]  INFO -- : Running example 'Verifying a pact between PythonComplexConsumer and PythonComplexProvider Given Item item-1234 is currently checked out with id checkout-5678 a request to release an item with a given checkout ID with POST /items/item-1234/release/checkout-5678 returns a response which has status code 200'
I, [2025-01-19T13:54:23.436555 #75632]  INFO -- : Sending POST request to path: "/items/item-1234/release/checkout-5678" with headers: {"X_PACT_PROVIDER_STATES"=>[{"name"=>"Item item-1234 is currently checked out with id checkout-5678"}]}, see debug logs for body
I, [2025-01-19T13:54:23.437926 #75632]  INFO -- : Received response with status: 200, headers: {"Date"=>"Sun, 19 Jan 2025 12:54:23 GMT", "Server"=>"uvicorn", "Content-Length"=>"21", "Content-Type"=>"application/json"}, see debug logs for body
I, [2025-01-19T13:55:22.583894 #75733]  INFO -- : Running example 'Verifying a pact between PythonComplexConsumer and PythonComplexProvider Given There are some items in the provider a request to list items with GET /items returns a response which has status code 200'
I, [2025-01-19T13:55:22.584188 #75733]  INFO -- : Sending GET request to path: "/items" with headers: {"X_PACT_PROVIDER_STATES"=>[{"name"=>"There are some items in the provider"}]}, see debug logs for body
I, [2025-01-19T13:55:22.590503 #75733]  INFO -- : Received response with status: 200, headers: {"Date"=>"Sun, 19 Jan 2025 12:55:22 GMT", "Server"=>"uvicorn", "Content-Length"=>"38", "Content-Type"=>"application/json"}, see debug logs for body
I, [2025-01-19T13:55:22.591301 #75733]  INFO -- : Running example 'Verifying a pact between PythonComplexConsumer and PythonComplexProvider Given Item item-1234 is available to checkout a request to checkout item item-1234 with POST /items/item-1234/checkout returns a response which has status code 200'
I, [2025-01-19T13:55:22.591359 #75733]  INFO -- : Sending POST request to path: "/items/item-1234/checkout" with headers: {"X_PACT_PROVIDER_STATES"=>[{"name"=>"Item item-1234 is available to checkout"}]}, see debug logs for body
I, [2025-01-19T13:55:22.592699 #75733]  INFO -- : Received response with status: 200, headers: {"Date"=>"Sun, 19 Jan 2025 12:55:22 GMT", "Server"=>"uvicorn", "Content-Length"=>"30", "Content-Type"=>"application/json"}, see debug logs for body
I, [2025-01-19T13:55:22.594806 #75733]  INFO -- : Running example 'Verifying a pact between PythonComplexConsumer and PythonComplexProvider Given Item item-1234 is currently checked out with id checkout-5678 a request to release an item with a given checkout ID with POST /items/item-1234/release/checkout-5678 returns a response which has status code 200'
I, [2025-01-19T13:55:22.594850 #75733]  INFO -- : Sending POST request to path: "/items/item-1234/release/checkout-5678" with headers: {"X_PACT_PROVIDER_STATES"=>[{"name"=>"Item item-1234 is currently checked out with id checkout-5678"}]}, see debug logs for body
I, [2025-01-19T13:55:22.595693 #75733]  INFO -- : Received response with status: 200, headers: {"Date"=>"Sun, 19 Jan 2025 12:55:22 GMT", "Server"=>"uvicorn", "Content-Length"=>"21", "Content-Type"=>"application/json"}, see debug logs for body
I, [2025-01-19T13:55:48.797384 #75833]  INFO -- : Running example 'Verifying a pact between PythonComplexConsumer and PythonComplexProvider Given There are some items in the provider a request to list items with GET /items returns a response which has status code 200'
I, [2025-01-19T13:55:48.797461 #75833]  INFO -- : Sending GET request to path: "/items" with headers: {"X_PACT_PROVIDER_STATES"=>[{"name"=>"There are some items in the provider"}]}, see debug logs for body
I, [2025-01-19T13:55:48.802887 #75833]  INFO -- : Received response with status: 200, headers: {"Date"=>"Sun, 19 Jan 2025 12:55:48 GMT", "Server"=>"uvicorn", "Content-Length"=>"38", "Content-Type"=>"application/json"}, see debug logs for body
I, [2025-01-19T13:55:48.803563 #75833]  INFO -- : Running example 'Verifying a pact between PythonComplexConsumer and PythonComplexProvider Given Item item-1234 is available to checkout a request to checkout item item-1234 with POST /items/item-1234/checkout returns a response which has status code 200'
I, [2025-01-19T13:55:48.803610 #75833]  INFO -- : Sending POST request to path: "/items/item-1234/checkout" with headers: {"X_PACT_PROVIDER_STATES"=>[{"name"=>"Item item-1234 is available to checkout"}]}, see debug logs for body
I, [2025-01-19T13:55:48.804574 #75833]  INFO -- : Received response with status: 200, headers: {"Date"=>"Sun, 19 Jan 2025 12:55:48 GMT", "Server"=>"uvicorn", "Content-Length"=>"30", "Content-Type"=>"application/json"}, see debug logs for body
I, [2025-01-19T13:55:48.806330 #75833]  INFO -- : Running example 'Verifying a pact between PythonComplexConsumer and PythonComplexProvider Given Item item-1234 is currently checked out with id checkout-5678 a request to release an item with a given checkout ID with POST /items/item-1234/release/checkout-5678 returns a response which has status code 200'
I, [2025-01-19T13:55:48.806357 #75833]  INFO -- : Sending POST request to path: "/items/item-1234/release/checkout-5678" with headers: {"X_PACT_PROVIDER_STATES"=>[{"name"=>"Item item-1234 is currently checked out with id checkout-5678"}]}, see debug logs for body
I, [2025-01-19T13:55:48.807105 #75833]  INFO -- : Received response with status: 200, headers: {"Date"=>"Sun, 19 Jan 2025 12:55:48 GMT", "Server"=>"uvicorn", "Content-Length"=>"21", "Content-Type"=>"application/json"}, see debug logs for body
